Arguments: 
  C:\Program Files\nodejs\node.exe C:\Users\andre\AppData\Roaming\npm\node_modules\yarn\bin\yarn.js

PATH: 
  C:\Windows\system32;C:\Windows;C:\Windows\System32\Wbem;C:\Windows\System32\WindowsPowerShell\v1.0\;C:\Windows\System32\OpenSSH\;C:\Program Files (x86)\NVIDIA Corporation\PhysX\Common;C:\Program Files\NVIDIA Corporation\NVIDIA NvDLISR;C:\Program Files\Microsoft SQL Server\150\Tools\Binn\;C:\Program Files\Microsoft SQL Server\Client SDK\ODBC\170\Tools\Binn\;C:\Program Files\dotnet\;C:\Program Files\Git\cmd;C:\Program Files\Docker\Docker\resources\bin;C:\ProgramData\DockerDesktop\version-bin;C:\Program Files\nodejs\;C:\Program Files\MySQL\MySQL Shell 8.0\bin\;C:\Users\andre\.cargo\bin;C:\Users\andre\.console-ninja\.bin;C:\Users\andre\AppData\Roaming\local\bin;C:\Users\andre\AppData\Local\Microsoft\WindowsApps;C:\Users\andre\AppData\Local\Programs\Microsoft VS Code\bin;C:\Users\andre\.dotnet\tools;C:\Program Files\JetBrains\IntelliJ IDEA Community Edition 2022.2.3\bin;;C:\Program Files\JetBrains\WebStorm 2022.3.1\bin;;C:\Program Files\JetBrains\PyCharm Community Edition 2022.3.2\bin;C:\ghcup\bin;C:\Program Files\JetBrains\RustRover 233.10527.39\bin;;C:\Program Files\JetBrains\PhpStorm 2023.2.4\bin;;C:\Users\andre\AppData\Roaming\npm

Yarn version: 
  1.22.19

Node version: 
  21.6.0

Platform: 
  win32 x64

Trace: 
  Error: EPERM: operation not permitted, unlink 'C:\Users\andre\Documents\development\web\tea-notes\node_modules\@rollup\rollup-win32-x64-msvc\rollup.win32-x64-msvc.node'

npm manifest: 
  {
  	"name": "tea-notes",
  	"version": "0.0.1",
  	"private": true,
  	"scripts": {
  		"dev": "yarn prepare && vite dev",
  		"build": "vite build",
  		"preview": "vite preview",
  		"check": "svelte-kit sync && svelte-check --tsconfig ./tsconfig.json",
  		"check:watch": "svelte-kit sync && svelte-check --tsconfig ./tsconfig.json --watch",
  		"lint": "prettier --check . && eslint .",
  		"format": "prettier --write .",
  		"prepare": "npm run smui-theme-light && npm run smui-theme-dark",
  		"smui-theme-light": "smui-theme compile static/smui.css -i src/theme",
  		"smui-theme-dark": "smui-theme compile static/smui-dark.css -i src/theme/dark"
  	},
  	"devDependencies": {
  		"@smui/form-field": "^7.0.0-beta.16",
  		"@smui/radio": "^7.0.0-beta.16",
  		"@sveltejs/adapter-auto": "^3.0.0",
  		"@sveltejs/kit": "^2.0.0",
  		"@sveltejs/vite-plugin-svelte": "^3.0.0",
  		"@types/eslint": "8.56.0",
  		"@typescript-eslint/eslint-plugin": "^6.0.0",
  		"@typescript-eslint/parser": "^6.0.0",
  		"eslint": "^8.56.0",
  		"eslint-config-prettier": "^9.1.0",
  		"eslint-plugin-svelte": "^2.35.1",
  		"prettier": "^3.1.1",
  		"prettier-plugin-svelte": "^3.1.2",
  		"sass": "^1.69.7",
  		"smui-theme": "^7.0.0-beta.16",
  		"svelte": "^4.2.7",
  		"svelte-check": "^3.6.0",
  		"tslib": "^2.4.1",
  		"typescript": "^5.0.0",
  		"vite": "^5.0.3"
  	},
  	"type": "module",
  	"dependencies": {
  		"node": "^21.2.0"
  	}
  }

yarn manifest: 
  No manifest

Lockfile: 
  No lockfile
